<?xml version="1.0" encoding="UTF-8"?>
<testsuite name="TestSuite" time="0.183" tests="39" errors="0" skipped="0" failures="0">
  <properties>
    <property name="java.runtime.name" value="Java(TM) SE Runtime Environment"/>
    <property name="sun.boot.library.path" value="/usr/lib/jvm/java-8-oracle/jre/lib/amd64"/>
    <property name="java.vm.version" value="25.191-b12"/>
    <property name="java.vm.vendor" value="Oracle Corporation"/>
    <property name="maven.multiModuleProjectDirectory" value="/home/massi/eclipse-workspace/Calculator_MasoumehB/Calculator-MasoumehB"/>
    <property name="java.vendor.url" value="http://java.oracle.com/"/>
    <property name="path.separator" value=":"/>
    <property name="guice.disable.misplaced.annotation.check" value="true"/>
    <property name="java.vm.name" value="Java HotSpot(TM) 64-Bit Server VM"/>
    <property name="file.encoding.pkg" value="sun.io"/>
    <property name="user.country" value="US"/>
    <property name="sun.java.launcher" value="SUN_STANDARD"/>
    <property name="sun.os.patch.level" value="unknown"/>
    <property name="java.vm.specification.name" value="Java Virtual Machine Specification"/>
    <property name="user.dir" value="/home/massi/eclipse-workspace/Calculator_MasoumehB/Calculator-MasoumehB"/>
    <property name="java.runtime.version" value="1.8.0_191-b12"/>
    <property name="java.awt.graphicsenv" value="sun.awt.X11GraphicsEnvironment"/>
    <property name="java.endorsed.dirs" value="/usr/lib/jvm/java-8-oracle/jre/lib/endorsed"/>
    <property name="os.arch" value="amd64"/>
    <property name="java.io.tmpdir" value="/tmp"/>
    <property name="line.separator" value="&#10;"/>
    <property name="java.vm.specification.vendor" value="Oracle Corporation"/>
    <property name="os.name" value="Linux"/>
    <property name="classworlds.conf" value="/home/massi/eclipse-workspace/.metadata/.plugins/org.eclipse.m2e.launching/launches/m2conf2580463801799851928.tmp"/>
    <property name="sun.jnu.encoding" value="UTF-8"/>
    <property name="java.library.path" value="/usr/java/packages/lib/amd64:/usr/lib64:/lib64:/lib:/usr/lib"/>
    <property name="java.specification.name" value="Java Platform API Specification"/>
    <property name="java.class.version" value="52.0"/>
    <property name="sun.management.compiler" value="HotSpot 64-Bit Tiered Compilers"/>
    <property name="os.version" value="4.4.0-31-generic"/>
    <property name="user.home" value="/home/massi"/>
    <property name="user.timezone" value="Europe/Stockholm"/>
    <property name="java.awt.printerjob" value="sun.print.PSPrinterJob"/>
    <property name="file.encoding" value="UTF-8"/>
    <property name="java.specification.version" value="1.8"/>
    <property name="user.name" value="massi"/>
    <property name="java.class.path" value="/home/massi/.p2/pool/plugins/org.eclipse.m2e.maven.runtime_1.8.3.20180227-2135/jars/plexus-classworlds-2.5.2.jar"/>
    <property name="java.vm.specification.version" value="1.8"/>
    <property name="sun.arch.data.model" value="64"/>
    <property name="java.home" value="/usr/lib/jvm/java-8-oracle/jre"/>
    <property name="sun.java.command" value="org.codehaus.plexus.classworlds.launcher.Launcher -B test"/>
    <property name="java.specification.vendor" value="Oracle Corporation"/>
    <property name="user.language" value="en"/>
    <property name="awt.toolkit" value="sun.awt.X11.XToolkit"/>
    <property name="java.vm.info" value="mixed mode"/>
    <property name="java.version" value="1.8.0_191"/>
    <property name="java.ext.dirs" value="/usr/lib/jvm/java-8-oracle/jre/lib/ext:/usr/java/packages/lib/ext"/>
    <property name="securerandom.source" value="file:/dev/./urandom"/>
    <property name="sun.boot.class.path" value="/usr/lib/jvm/java-8-oracle/jre/lib/resources.jar:/usr/lib/jvm/java-8-oracle/jre/lib/rt.jar:/usr/lib/jvm/java-8-oracle/jre/lib/sunrsasign.jar:/usr/lib/jvm/java-8-oracle/jre/lib/jsse.jar:/usr/lib/jvm/java-8-oracle/jre/lib/jce.jar:/usr/lib/jvm/java-8-oracle/jre/lib/charsets.jar:/usr/lib/jvm/java-8-oracle/jre/lib/jfr.jar:/usr/lib/jvm/java-8-oracle/jre/classes"/>
    <property name="java.vendor" value="Oracle Corporation"/>
    <property name="maven.home" value="/home/massi/eclipse-workspace/Calculator_MasoumehB/Calculator-MasoumehB/EMBEDDED"/>
    <property name="file.separator" value="/"/>
    <property name="java.vendor.url.bug" value="http://bugreport.sun.com/bugreport/"/>
    <property name="sun.cpu.endian" value="little"/>
    <property name="sun.io.unicode.encoding" value="UnicodeLittle"/>
    <property name="sun.desktop" value="gnome"/>
    <property name="sun.cpu.isalist" value=""/>
  </properties>
  <testcase name="testTanZero on testTanZero(Massi_Calculator.Calculator_MasoumehB.calculatorAdvanceOperationTest)" classname="Massi_Calculator.Calculator_MasoumehB.calculatorAdvanceOperationTest" time="0.007"/>
  <testcase name="testExpZero on testExpZero(Massi_Calculator.Calculator_MasoumehB.calculatorAdvanceOperationTest)" classname="Massi_Calculator.Calculator_MasoumehB.calculatorAdvanceOperationTest" time="0.005"/>
  <testcase name="testxxZero on testxxZero(Massi_Calculator.Calculator_MasoumehB.calculatorAdvanceOperationTest)" classname="Massi_Calculator.Calculator_MasoumehB.calculatorAdvanceOperationTest" time="0.001"/>
  <testcase name="testPIP on testPIP(Massi_Calculator.Calculator_MasoumehB.calculatorAdvanceOperationTest)" classname="Massi_Calculator.Calculator_MasoumehB.calculatorAdvanceOperationTest" time="0.002"/>
  <testcase name="testPiN on testPiN(Massi_Calculator.Calculator_MasoumehB.calculatorAdvanceOperationTest)" classname="Massi_Calculator.Calculator_MasoumehB.calculatorAdvanceOperationTest" time="0.008"/>
  <testcase name="testPiP on testPiP(Massi_Calculator.Calculator_MasoumehB.calculatorAdvanceOperationTest)" classname="Massi_Calculator.Calculator_MasoumehB.calculatorAdvanceOperationTest" time="0.008"/>
  <testcase name="testxxN on testxxN(Massi_Calculator.Calculator_MasoumehB.calculatorAdvanceOperationTest)" classname="Massi_Calculator.Calculator_MasoumehB.calculatorAdvanceOperationTest" time="0.014"/>
  <testcase name="testxxP on testxxP(Massi_Calculator.Calculator_MasoumehB.calculatorAdvanceOperationTest)" classname="Massi_Calculator.Calculator_MasoumehB.calculatorAdvanceOperationTest" time="0.01"/>
  <testcase name="testEZero on testEZero(Massi_Calculator.Calculator_MasoumehB.calculatorAdvanceOperationTest)" classname="Massi_Calculator.Calculator_MasoumehB.calculatorAdvanceOperationTest" time="0.002"/>
  <testcase name="testSqrtP on testSqrtP(Massi_Calculator.Calculator_MasoumehB.calculatorAdvanceOperationTest)" classname="Massi_Calculator.Calculator_MasoumehB.calculatorAdvanceOperationTest" time="0.009"/>
  <testcase name="testCosN on testCosN(Massi_Calculator.Calculator_MasoumehB.calculatorAdvanceOperationTest)" classname="Massi_Calculator.Calculator_MasoumehB.calculatorAdvanceOperationTest" time="0.007"/>
  <testcase name="testCosP on testCosP(Massi_Calculator.Calculator_MasoumehB.calculatorAdvanceOperationTest)" classname="Massi_Calculator.Calculator_MasoumehB.calculatorAdvanceOperationTest" time="0.006"/>
  <testcase name="testExpN on testExpN(Massi_Calculator.Calculator_MasoumehB.calculatorAdvanceOperationTest)" classname="Massi_Calculator.Calculator_MasoumehB.calculatorAdvanceOperationTest" time="0.005"/>
  <testcase name="testExpP on testExpP(Massi_Calculator.Calculator_MasoumehB.calculatorAdvanceOperationTest)" classname="Massi_Calculator.Calculator_MasoumehB.calculatorAdvanceOperationTest" time="0.005"/>
  <testcase name="testSinN on testSinN(Massi_Calculator.Calculator_MasoumehB.calculatorAdvanceOperationTest)" classname="Massi_Calculator.Calculator_MasoumehB.calculatorAdvanceOperationTest" time="0.005"/>
  <testcase name="testSinP on testSinP(Massi_Calculator.Calculator_MasoumehB.calculatorAdvanceOperationTest)" classname="Massi_Calculator.Calculator_MasoumehB.calculatorAdvanceOperationTest" time="0.004"/>
  <testcase name="testSinZ on testSinZ(Massi_Calculator.Calculator_MasoumehB.calculatorAdvanceOperationTest)" classname="Massi_Calculator.Calculator_MasoumehB.calculatorAdvanceOperationTest" time="0.007"/>
  <testcase name="testTanN on testTanN(Massi_Calculator.Calculator_MasoumehB.calculatorAdvanceOperationTest)" classname="Massi_Calculator.Calculator_MasoumehB.calculatorAdvanceOperationTest" time="0"/>
  <testcase name="testTanP on testTanP(Massi_Calculator.Calculator_MasoumehB.calculatorAdvanceOperationTest)" classname="Massi_Calculator.Calculator_MasoumehB.calculatorAdvanceOperationTest" time="0.002"/>
  <testcase name="testlogP on testlogP(Massi_Calculator.Calculator_MasoumehB.calculatorAdvanceOperationTest)" classname="Massi_Calculator.Calculator_MasoumehB.calculatorAdvanceOperationTest" time="0.002"/>
  <testcase name="testEN on testEN(Massi_Calculator.Calculator_MasoumehB.calculatorAdvanceOperationTest)" classname="Massi_Calculator.Calculator_MasoumehB.calculatorAdvanceOperationTest" time="0.013"/>
  <testcase name="testEP on testEP(Massi_Calculator.Calculator_MasoumehB.calculatorAdvanceOperationTest)" classname="Massi_Calculator.Calculator_MasoumehB.calculatorAdvanceOperationTest" time="0.002"/>
  <testcase name="testSqrtZero on testSqrtZero(Massi_Calculator.Calculator_MasoumehB.calculatorAdvanceOperationTest)" classname="Massi_Calculator.Calculator_MasoumehB.calculatorAdvanceOperationTest" time="0"/>
  <testcase name="testModulusN on testModulusN(Massi_Calculator.Calculator_MasoumehB.calculatorAdvanceOperationTest)" classname="Massi_Calculator.Calculator_MasoumehB.calculatorAdvanceOperationTest" time="0.003"/>
  <testcase name="testModulusP on testModulusP(Massi_Calculator.Calculator_MasoumehB.calculatorAdvanceOperationTest)" classname="Massi_Calculator.Calculator_MasoumehB.calculatorAdvanceOperationTest" time="0.008"/>
  <testcase name="testModulusZeroo on testModulusZeroo(Massi_Calculator.Calculator_MasoumehB.calculatorAdvanceOperationTest)" classname="Massi_Calculator.Calculator_MasoumehB.calculatorAdvanceOperationTest" time="0"/>
  <testcase name="testCosZero on testCosZero(Massi_Calculator.Calculator_MasoumehB.calculatorAdvanceOperationTest)" classname="Massi_Calculator.Calculator_MasoumehB.calculatorAdvanceOperationTest" time="0.001"/>
  <testcase name="testsubtractionNeg on testsubtractionNeg(Massi_Calculator.Calculator_MasoumehB.calculatorBasicOperationTest)" classname="Massi_Calculator.Calculator_MasoumehB.calculatorBasicOperationTest" time="0.003"/>
  <testcase name="testsubtractionPos on testsubtractionPos(Massi_Calculator.Calculator_MasoumehB.calculatorBasicOperationTest)" classname="Massi_Calculator.Calculator_MasoumehB.calculatorBasicOperationTest" time="0.004"/>
  <testcase name="testadditionPosetiv on testadditionPosetiv(Massi_Calculator.Calculator_MasoumehB.calculatorBasicOperationTest)" classname="Massi_Calculator.Calculator_MasoumehB.calculatorBasicOperationTest" time="0.004"/>
  <testcase name="testdivideraZero on testdivideraZero(Massi_Calculator.Calculator_MasoumehB.calculatorBasicOperationTest)" classname="Massi_Calculator.Calculator_MasoumehB.calculatorBasicOperationTest" time="0"/>
  <testcase name="testsubtraction on testsubtraction(Massi_Calculator.Calculator_MasoumehB.calculatorBasicOperationTest)" classname="Massi_Calculator.Calculator_MasoumehB.calculatorBasicOperationTest" time="0.003"/>
  <testcase name="testadditionzero on testadditionzero(Massi_Calculator.Calculator_MasoumehB.calculatorBasicOperationTest)" classname="Massi_Calculator.Calculator_MasoumehB.calculatorBasicOperationTest" time="0"/>
  <testcase name="testdivideraPos on testdivideraPos(Massi_Calculator.Calculator_MasoumehB.calculatorBasicOperationTest)" classname="Massi_Calculator.Calculator_MasoumehB.calculatorBasicOperationTest" time="0.002"/>
  <testcase name="testmultiplikation on testmultiplikation(Massi_Calculator.Calculator_MasoumehB.calculatorBasicOperationTest)" classname="Massi_Calculator.Calculator_MasoumehB.calculatorBasicOperationTest" time="0.019"/>
  <testcase name="testadditionNegativ on testadditionNegativ(Massi_Calculator.Calculator_MasoumehB.calculatorBasicOperationTest)" classname="Massi_Calculator.Calculator_MasoumehB.calculatorBasicOperationTest" time="0.003"/>
  <testcase name="testdividera on testdividera(Massi_Calculator.Calculator_MasoumehB.calculatorBasicOperationTest)" classname="Massi_Calculator.Calculator_MasoumehB.calculatorBasicOperationTest" time="0.003"/>
  <testcase name="testmultiplikationNeg on testmultiplikationNeg(Massi_Calculator.Calculator_MasoumehB.calculatorBasicOperationTest)" classname="Massi_Calculator.Calculator_MasoumehB.calculatorBasicOperationTest" time="0.003"/>
  <testcase name="testmultiplikationPos on testmultiplikationPos(Massi_Calculator.Calculator_MasoumehB.calculatorBasicOperationTest)" classname="Massi_Calculator.Calculator_MasoumehB.calculatorBasicOperationTest" time="0.003"/>
</testsuite>