<?xml version="1.0" encoding="UTF-8"?>
<!-- Generated by org.testng.reporters.JUnitReportReporter -->
<testsuite hostname="massi-VirtualBox" name="Massi_Calculator.Calculator_MasoumehB.calculatorAdvanceOperationTest" tests="27" failures="0" timestamp="14 Dec 2018 10:40:52 GMT" time="0.136" errors="0">
  <testcase name="testxxZero" time="0.001" classname="Massi_Calculator.Calculator_MasoumehB.calculatorAdvanceOperationTest"/>
  <testcase name="testSqrtP" time="0.009" classname="Massi_Calculator.Calculator_MasoumehB.calculatorAdvanceOperationTest"/>
  <testcase name="testExpZero" time="0.001" classname="Massi_Calculator.Calculator_MasoumehB.calculatorAdvanceOperationTest"/>
  <testcase name="testModulusP" time="0.003" classname="Massi_Calculator.Calculator_MasoumehB.calculatorAdvanceOperationTest"/>
  <testcase name="testPIP" time="0.003" classname="Massi_Calculator.Calculator_MasoumehB.calculatorAdvanceOperationTest"/>
  <testcase name="testEP" time="0.003" classname="Massi_Calculator.Calculator_MasoumehB.calculatorAdvanceOperationTest"/>
  <testcase name="testEN" time="0.014" classname="Massi_Calculator.Calculator_MasoumehB.calculatorAdvanceOperationTest"/>
  <testcase name="testSinN" time="0.005" classname="Massi_Calculator.Calculator_MasoumehB.calculatorAdvanceOperationTest"/>
  <testcase name="testSinZ" time="0.001" classname="Massi_Calculator.Calculator_MasoumehB.calculatorAdvanceOperationTest"/>
  <testcase name="testSqrtZero" time="0.001" classname="Massi_Calculator.Calculator_MasoumehB.calculatorAdvanceOperationTest"/>
  <testcase name="testModulusZeroo" time="0.001" classname="Massi_Calculator.Calculator_MasoumehB.calculatorAdvanceOperationTest"/>
  <testcase name="testExpN" time="0.005" classname="Massi_Calculator.Calculator_MasoumehB.calculatorAdvanceOperationTest"/>
  <testcase name="testxxN" time="0.014" classname="Massi_Calculator.Calculator_MasoumehB.calculatorAdvanceOperationTest"/>
  <testcase name="testExpP" time="0.004" classname="Massi_Calculator.Calculator_MasoumehB.calculatorAdvanceOperationTest"/>
  <testcase name="testCosZero" time="0.002" classname="Massi_Calculator.Calculator_MasoumehB.calculatorAdvanceOperationTest"/>
  <testcase name="testCosN" time="0.007" classname="Massi_Calculator.Calculator_MasoumehB.calculatorAdvanceOperationTest"/>
  <testcase name="testPiN" time="0.008" classname="Massi_Calculator.Calculator_MasoumehB.calculatorAdvanceOperationTest"/>
  <testcase name="testxxP" time="0.009" classname="Massi_Calculator.Calculator_MasoumehB.calculatorAdvanceOperationTest"/>
  <testcase name="testTanN" time="0.004" classname="Massi_Calculator.Calculator_MasoumehB.calculatorAdvanceOperationTest"/>
  <testcase name="testTanP" time="0.004" classname="Massi_Calculator.Calculator_MasoumehB.calculatorAdvanceOperationTest"/>
  <testcase name="testPiP" time="0.009" classname="Massi_Calculator.Calculator_MasoumehB.calculatorAdvanceOperationTest"/>
  <testcase name="testlogP" time="0.003" classname="Massi_Calculator.Calculator_MasoumehB.calculatorAdvanceOperationTest"/>
  <testcase name="testSinP" time="0.004" classname="Massi_Calculator.Calculator_MasoumehB.calculatorAdvanceOperationTest"/>
  <testcase name="testEZero" time="0.001" classname="Massi_Calculator.Calculator_MasoumehB.calculatorAdvanceOperationTest"/>
  <testcase name="testTanZero" time="0.010" classname="Massi_Calculator.Calculator_MasoumehB.calculatorAdvanceOperationTest"/>
  <testcase name="testModulusN" time="0.004" classname="Massi_Calculator.Calculator_MasoumehB.calculatorAdvanceOperationTest"/>
  <testcase name="testCosP" time="0.006" classname="Massi_Calculator.Calculator_MasoumehB.calculatorAdvanceOperationTest"/>
</testsuite> <!-- Massi_Calculator.Calculator_MasoumehB.calculatorAdvanceOperationTest -->
