<?xml version="1.0" encoding="UTF-8"?>
<!-- Generated by org.testng.reporters.JUnitReportReporter -->
<testsuite hostname="massi-VirtualBox" name="Massi_Calculator.Calculator_MasoumehB.calculatorBasicOperationTest" tests="12" failures="0" timestamp="14 Dec 2018 10:40:52 GMT" time="0.047" errors="0">
  <testcase name="testsubtractionPos" time="0.004" classname="Massi_Calculator.Calculator_MasoumehB.calculatorBasicOperationTest"/>
  <testcase name="testdivideraZero" time="0.000" classname="Massi_Calculator.Calculator_MasoumehB.calculatorBasicOperationTest"/>
  <testcase name="testsubtractionNeg" time="0.003" classname="Massi_Calculator.Calculator_MasoumehB.calculatorBasicOperationTest"/>
  <testcase name="testsubtraction" time="0.004" classname="Massi_Calculator.Calculator_MasoumehB.calculatorBasicOperationTest"/>
  <testcase name="testdivideraPos" time="0.002" classname="Massi_Calculator.Calculator_MasoumehB.calculatorBasicOperationTest"/>
  <testcase name="testmultiplikation" time="0.019" classname="Massi_Calculator.Calculator_MasoumehB.calculatorBasicOperationTest"/>
  <testcase name="testmultiplikationNeg" time="0.003" classname="Massi_Calculator.Calculator_MasoumehB.calculatorBasicOperationTest"/>
  <testcase name="testmultiplikationPos" time="0.003" classname="Massi_Calculator.Calculator_MasoumehB.calculatorBasicOperationTest"/>
  <testcase name="testadditionzero" time="0.000" classname="Massi_Calculator.Calculator_MasoumehB.calculatorBasicOperationTest"/>
  <testcase name="testdividera" time="0.004" classname="Massi_Calculator.Calculator_MasoumehB.calculatorBasicOperationTest"/>
  <testcase name="testadditionPosetiv" time="0.003" classname="Massi_Calculator.Calculator_MasoumehB.calculatorBasicOperationTest"/>
  <testcase name="testadditionNegativ" time="0.002" classname="Massi_Calculator.Calculator_MasoumehB.calculatorBasicOperationTest"/>
</testsuite> <!-- Massi_Calculator.Calculator_MasoumehB.calculatorBasicOperationTest -->
